#! /c/Source/iverilog-install/bin/vvp
:ivl_version "12.0 (devel)" "(s20150603-1539-g2693dd32b)";
:ivl_delay_selection "TYPICAL";
:vpi_time_precision + 0;
:vpi_module "C:\iverilog\lib\ivl\system.vpi";
:vpi_module "C:\iverilog\lib\ivl\vhdl_sys.vpi";
:vpi_module "C:\iverilog\lib\ivl\vhdl_textio.vpi";
:vpi_module "C:\iverilog\lib\ivl\v2005_math.vpi";
:vpi_module "C:\iverilog\lib\ivl\va_math.vpi";
S_00000201bbe12620 .scope module, "DM" "DM" 2 1;
 .timescale 0 0;
    .port_info 0 /INPUT 1 "clk";
    .port_info 1 /INPUT 1 "rst";
    .port_info 2 /INPUT 1 "DMWr";
    .port_info 3 /INPUT 1 "sw_1";
    .port_info 4 /INPUT 6 "addr";
    .port_info 5 /INPUT 32 "din";
    .port_info 6 /INPUT 3 "DMType";
    .port_info 7 /OUTPUT 32 "dout";
P_00000201bbe37cc0 .param/l "DM_length" 0 2 15, +C4<00000000000000000000000010000000>;
o00000201bbe49fd8 .functor BUFZ 3, C4<zzz>; HiZ drive
v00000201bbe12b50_0 .net "DMType", 2 0, o00000201bbe49fd8;  0 drivers
o00000201bbe4a008 .functor BUFZ 1, C4<z>; HiZ drive
v00000201bbe127b0_0 .net "DMWr", 0 0, o00000201bbe4a008;  0 drivers
v00000201bbe12850_0 .net *"_ivl_0", 7 0, L_00000201bbe9b1a0;  1 drivers
v00000201bbe128f0_0 .net *"_ivl_10", 7 0, L_00000201bbe43370;  1 drivers
v00000201bbe9b9c0_0 .net *"_ivl_12", 31 0, L_00000201bbe428d0;  1 drivers
L_00000201bbe9be08 .functor BUFT 1, C4<00000000000000000000000000>, C4<0>, C4<0>, C4<0>;
v00000201bbe9b2e0_0 .net *"_ivl_15", 25 0, L_00000201bbe9be08;  1 drivers
L_00000201bbe9be50 .functor BUFT 1, C4<00000000000000000000000000000010>, C4<0>, C4<0>, C4<0>;
v00000201bbe9b380_0 .net/2u *"_ivl_16", 31 0, L_00000201bbe9be50;  1 drivers
v00000201bbe9b6a0_0 .net *"_ivl_18", 31 0, L_00000201bbe41ed0;  1 drivers
v00000201bbe9b420_0 .net *"_ivl_2", 31 0, L_00000201bbe42150;  1 drivers
v00000201bbe9b740_0 .net *"_ivl_20", 7 0, L_00000201bbe425b0;  1 drivers
v00000201bbe9aca0_0 .net *"_ivl_22", 31 0, L_00000201bbe41890;  1 drivers
L_00000201bbe9be98 .functor BUFT 1, C4<00000000000000000000000000>, C4<0>, C4<0>, C4<0>;
v00000201bbe9b600_0 .net *"_ivl_25", 25 0, L_00000201bbe9be98;  1 drivers
L_00000201bbe9bee0 .functor BUFT 1, C4<00000000000000000000000000000001>, C4<0>, C4<0>, C4<0>;
v00000201bbe9b060_0 .net/2u *"_ivl_26", 31 0, L_00000201bbe9bee0;  1 drivers
v00000201bbe9ba60_0 .net *"_ivl_28", 31 0, L_00000201bbe42dd0;  1 drivers
v00000201bbe9ae80_0 .net *"_ivl_30", 7 0, L_00000201bbe421f0;  1 drivers
v00000201bbe9bb00_0 .net *"_ivl_32", 8 0, L_00000201bbe42790;  1 drivers
L_00000201bbe9bf28 .functor BUFT 1, C4<000>, C4<0>, C4<0>, C4<0>;
v00000201bbe9b4c0_0 .net *"_ivl_35", 2 0, L_00000201bbe9bf28;  1 drivers
L_00000201bbe9bd78 .functor BUFT 1, C4<00000000000000000000000000>, C4<0>, C4<0>, C4<0>;
v00000201bbe9b240_0 .net *"_ivl_5", 25 0, L_00000201bbe9bd78;  1 drivers
L_00000201bbe9bdc0 .functor BUFT 1, C4<00000000000000000000000000000011>, C4<0>, C4<0>, C4<0>;
v00000201bbe9b560_0 .net/2u *"_ivl_6", 31 0, L_00000201bbe9bdc0;  1 drivers
v00000201bbe9b7e0_0 .net *"_ivl_8", 31 0, L_00000201bbe423d0;  1 drivers
o00000201bbe4a398 .functor BUFZ 6, C4<zzzzzz>; HiZ drive
v00000201bbe9bba0_0 .net "addr", 5 0, o00000201bbe4a398;  0 drivers
o00000201bbe4a3c8 .functor BUFZ 1, C4<z>; HiZ drive
v00000201bbe9b880_0 .net "clk", 0 0, o00000201bbe4a3c8;  0 drivers
o00000201bbe4a3f8 .functor BUFZ 32, C4<zzzzzzzzzzzzzzzzzzzzzzzzzzzzzzzz>; HiZ drive
v00000201bbe9b920_0 .net "din", 31 0, o00000201bbe4a3f8;  0 drivers
v00000201bbe9ad40 .array "dmem", 0 127, 7 0;
v00000201bbe9afc0_0 .net "dout", 31 0, L_00000201bbe42290;  1 drivers
v00000201bbe9ade0_0 .var/i "i", 31 0;
o00000201bbe4a488 .functor BUFZ 1, C4<z>; HiZ drive
v00000201bbe9af20_0 .net "rst", 0 0, o00000201bbe4a488;  0 drivers
o00000201bbe4a4b8 .functor BUFZ 1, C4<z>; HiZ drive
v00000201bbe9b100_0 .net "sw_1", 0 0, o00000201bbe4a4b8;  0 drivers
E_00000201bbe37b80 .event negedge, v00000201bbe9af20_0, v00000201bbe9b880_0;
L_00000201bbe9b1a0 .array/port v00000201bbe9ad40, L_00000201bbe423d0;
L_00000201bbe42150 .concat [ 6 26 0 0], o00000201bbe4a398, L_00000201bbe9bd78;
L_00000201bbe423d0 .arith/sum 32, L_00000201bbe42150, L_00000201bbe9bdc0;
L_00000201bbe43370 .array/port v00000201bbe9ad40, L_00000201bbe41ed0;
L_00000201bbe428d0 .concat [ 6 26 0 0], o00000201bbe4a398, L_00000201bbe9be08;
L_00000201bbe41ed0 .arith/sum 32, L_00000201bbe428d0, L_00000201bbe9be50;
L_00000201bbe425b0 .array/port v00000201bbe9ad40, L_00000201bbe42dd0;
L_00000201bbe41890 .concat [ 6 26 0 0], o00000201bbe4a398, L_00000201bbe9be98;
L_00000201bbe42dd0 .arith/sum 32, L_00000201bbe41890, L_00000201bbe9bee0;
L_00000201bbe421f0 .array/port v00000201bbe9ad40, L_00000201bbe42790;
L_00000201bbe42790 .concat [ 6 3 0 0], o00000201bbe4a398, L_00000201bbe9bf28;
L_00000201bbe42290 .concat [ 8 8 8 8], L_00000201bbe421f0, L_00000201bbe425b0, L_00000201bbe43370, L_00000201bbe9b1a0;
    .scope S_00000201bbe12620;
T_0 ;
    %wait E_00000201bbe37b80;
    %load/vec4 v00000201bbe9af20_0;
    %nor/r;
    %flag_set/vec4 8;
    %jmp/0xz  T_0.0, 8;
    %pushi/vec4 0, 0, 32;
    %store/vec4 v00000201bbe9ade0_0, 0, 32;
T_0.2 ;
    %load/vec4 v00000201bbe9ade0_0;
    %cmpi/s 128, 0, 32;
    %jmp/0xz T_0.3, 5;
    %pushi/vec4 0, 0, 8;
    %ix/getv/s 4, v00000201bbe9ade0_0;
    %store/vec4a v00000201bbe9ad40, 4, 0;
    %load/vec4 v00000201bbe9ade0_0;
    %addi 1, 0, 32;
    %store/vec4 v00000201bbe9ade0_0, 0, 32;
    %jmp T_0.2;
T_0.3 ;
    %jmp T_0.1;
T_0.0 ;
    %load/vec4 v00000201bbe127b0_0;
    %flag_set/vec4 9;
    %flag_get/vec4 9;
    %jmp/0 T_0.6, 9;
    %load/vec4 v00000201bbe9b100_0;
    %nor/r;
    %and;
T_0.6;
    %flag_set/vec4 8;
    %jmp/0xz  T_0.4, 8;
    %load/vec4 v00000201bbe12b50_0;
    %dup/vec4;
    %pushi/vec4 3, 0, 3;
    %cmp/u;
    %jmp/1 T_0.7, 6;
    %dup/vec4;
    %pushi/vec4 1, 0, 3;
    %cmp/u;
    %jmp/1 T_0.8, 6;
    %dup/vec4;
    %pushi/vec4 0, 0, 3;
    %cmp/u;
    %jmp/1 T_0.9, 6;
    %jmp T_0.10;
T_0.7 ;
    %load/vec4 v00000201bbe9b920_0;
    %parti/s 8, 0, 2;
    %load/vec4 v00000201bbe9bba0_0;
    %pad/u 9;
    %ix/vec4 3;
    %ix/load 4, 0, 0; Constant delay
    %assign/vec4/a/d v00000201bbe9ad40, 0, 4;
    %jmp T_0.10;
T_0.8 ;
    %load/vec4 v00000201bbe9b920_0;
    %parti/s 8, 0, 2;
    %load/vec4 v00000201bbe9bba0_0;
    %pad/u 9;
    %ix/vec4 3;
    %ix/load 4, 0, 0; Constant delay
    %assign/vec4/a/d v00000201bbe9ad40, 0, 4;
    %load/vec4 v00000201bbe9b920_0;
    %parti/s 8, 8, 5;
    %load/vec4 v00000201bbe9bba0_0;
    %pad/u 32;
    %addi 1, 0, 32;
    %ix/vec4 3;
    %ix/load 4, 0, 0; Constant delay
    %assign/vec4/a/d v00000201bbe9ad40, 0, 4;
    %jmp T_0.10;
T_0.9 ;
    %load/vec4 v00000201bbe9b920_0;
    %parti/s 8, 0, 2;
    %load/vec4 v00000201bbe9bba0_0;
    %pad/u 9;
    %ix/vec4 3;
    %ix/load 4, 0, 0; Constant delay
    %assign/vec4/a/d v00000201bbe9ad40, 0, 4;
    %load/vec4 v00000201bbe9b920_0;
    %parti/s 8, 8, 5;
    %load/vec4 v00000201bbe9bba0_0;
    %pad/u 32;
    %addi 1, 0, 32;
    %ix/vec4 3;
    %ix/load 4, 0, 0; Constant delay
    %assign/vec4/a/d v00000201bbe9ad40, 0, 4;
    %load/vec4 v00000201bbe9b920_0;
    %parti/s 8, 16, 6;
    %load/vec4 v00000201bbe9bba0_0;
    %pad/u 32;
    %addi 2, 0, 32;
    %ix/vec4 3;
    %ix/load 4, 0, 0; Constant delay
    %assign/vec4/a/d v00000201bbe9ad40, 0, 4;
    %load/vec4 v00000201bbe9b920_0;
    %parti/s 8, 24, 6;
    %load/vec4 v00000201bbe9bba0_0;
    %pad/u 32;
    %addi 3, 0, 32;
    %ix/vec4 3;
    %ix/load 4, 0, 0; Constant delay
    %assign/vec4/a/d v00000201bbe9ad40, 0, 4;
    %jmp T_0.10;
T_0.10 ;
    %pop/vec4 1;
T_0.4 ;
T_0.1 ;
    %jmp T_0;
    .thread T_0;
# The file index is used to find the file name in the following table.
:file_names 3;
    "N/A";
    "<interactive>";
    "DM.v";
